c:\users\caio\code\c-c++\comp 371\project\glracing\glracing\debug\vc140.pdb
c:\users\caio\code\c-c++\comp 371\project\glracing\glracing\debug\vc140.idb
c:\users\caio\code\c-c++\comp 371\project\glracing\glracing\debug\barrier.obj
c:\users\caio\code\c-c++\comp 371\project\glracing\glracing\debug\bridge.obj
c:\users\caio\code\c-c++\comp 371\project\glracing\glracing\debug\camera.obj
c:\users\caio\code\c-c++\comp 371\project\glracing\glracing\debug\depthmap.obj
c:\users\caio\code\c-c++\comp 371\project\glracing\glracing\debug\directionallight.obj
c:\users\caio\code\c-c++\comp 371\project\glracing\glracing\debug\gamecontroller.obj
c:\users\caio\code\c-c++\comp 371\project\glracing\glracing\debug\importedmodel.obj
c:\users\caio\code\c-c++\comp 371\project\glracing\glracing\debug\kart.obj
c:\users\caio\code\c-c++\comp 371\project\glracing\glracing\debug\main.obj
c:\users\caio\code\c-c++\comp 371\project\glracing\glracing\debug\model.obj
c:\users\caio\code\c-c++\comp 371\project\glracing\glracing\debug\plane.obj
c:\users\caio\code\c-c++\comp 371\project\glracing\glracing\debug\road.obj
c:\users\caio\code\c-c++\comp 371\project\glracing\glracing\debug\shader.obj
c:\users\caio\code\c-c++\comp 371\project\glracing\glracing\debug\skybox.obj
c:\users\caio\code\c-c++\comp 371\project\glracing\glracing\debug\startline.obj
c:\users\caio\code\c-c++\comp 371\project\glracing\glracing\debug\tree.obj
c:\users\caio\code\c-c++\comp 371\project\glracing\glracing\debug\testquad.obj
c:\users\caio\code\c-c++\comp 371\project\glracing\glracing\debug\water.obj
c:\users\caio\code\c-c++\comp 371\project\glracing\debug\glracing.ilk
c:\users\caio\code\c-c++\comp 371\project\glracing\debug\glracing.exe
c:\users\caio\code\c-c++\comp 371\project\glracing\debug\glracing.pdb
c:\users\caio\code\c-c++\comp 371\project\glracing\glracing\debug\glracing.tlog\cl.command.1.tlog
c:\users\caio\code\c-c++\comp 371\project\glracing\glracing\debug\glracing.tlog\cl.read.1.tlog
c:\users\caio\code\c-c++\comp 371\project\glracing\glracing\debug\glracing.tlog\cl.write.1.tlog
c:\users\caio\code\c-c++\comp 371\project\glracing\glracing\debug\glracing.tlog\link.command.1.tlog
c:\users\caio\code\c-c++\comp 371\project\glracing\glracing\debug\glracing.tlog\link.read.1.tlog
c:\users\caio\code\c-c++\comp 371\project\glracing\glracing\debug\glracing.tlog\link.write.1.tlog
